<?xml version="1.0" encoding="UTF-8"?>
<testsuite name="ru.stqa.pft.ex2.PointTests" tests="1" skipped="0" failures="0" errors="0" timestamp="2020-12-03T07:39:14" hostname="406PC0044" time="0.0">
  <properties/>
  <testcase name="testDistance" classname="ru.stqa.pft.ex2.PointTests" time="0.0"/>
  <system-out><![CDATA[]]></system-out>
  <system-err><![CDATA[]]></system-err>
</testsuite>
